2025-03-25 11:04:37,092 - INFO - Starting simulation: Algorithm=Optimal, Frames=3, Pages=[1, 2, 3, 4, 5]
2025-03-25 11:04:37,098 - INFO - Simulation completed: Optimal, Faults=5, Hits=0
2025-03-25 11:05:14,277 - INFO - Comparing algorithms for Pages=[1, 2, 3, 4, 5], Frames=3
2025-03-25 11:05:14,294 - INFO - FIFO Algorithm: Faults=5, Hits=0
2025-03-25 11:05:14,302 - INFO - LRU Algorithm: Faults=5, Hits=0
2025-03-25 11:05:14,312 - INFO - Optimal Algorithm: Faults=5, Hits=0
2025-03-25 11:05:14,318 - INFO - Clock Algorithm: Faults=5, Hits=0
2025-03-25 11:05:14,327 - INFO - LFU Algorithm: Faults=5, Hits=0
2025-03-25 18:05:39,548 - INFO - Starting simulation: Algorithm=FIFO, Frames=3, Pages=[1, 2, 3, 4, 5]
2025-03-25 18:05:39,561 - INFO - Simulation completed: FIFO, Faults=5, Hits=0
2025-03-25 18:11:31,837 - INFO - Starting simulation: Algorithm=FIFO, Frames=3, Pages=[1, 2, 3, 4, 5]
2025-03-25 18:11:46,514 - INFO - Starting simulation: Algorithm=FIFO, Frames=3, Pages=[1, 2, 3, 4, 5]
2025-03-25 18:11:51,511 - INFO - Starting simulation: Algorithm=FIFO, Frames=3, Pages=[1, 2, 3, 4, 5]
2025-03-25 18:11:51,943 - INFO - Starting simulation: Algorithm=FIFO, Frames=3, Pages=[1, 2, 3, 4, 5]
2025-03-25 18:11:52,068 - INFO - Starting simulation: Algorithm=FIFO, Frames=3, Pages=[1, 2, 3, 4, 5]
2025-03-25 18:11:52,200 - INFO - Starting simulation: Algorithm=FIFO, Frames=3, Pages=[1, 2, 3, 4, 5]
2025-03-25 18:11:52,324 - INFO - Starting simulation: Algorithm=FIFO, Frames=3, Pages=[1, 2, 3, 4, 5]
2025-03-25 18:11:52,464 - INFO - Starting simulation: Algorithm=FIFO, Frames=3, Pages=[1, 2, 3, 4, 5]
2025-03-25 18:11:52,584 - INFO - Starting simulation: Algorithm=FIFO, Frames=3, Pages=[1, 2, 3, 4, 5]
2025-03-25 18:11:52,716 - INFO - Starting simulation: Algorithm=FIFO, Frames=3, Pages=[1, 2, 3, 4, 5]
2025-03-25 18:11:52,848 - INFO - Starting simulation: Algorithm=FIFO, Frames=3, Pages=[1, 2, 3, 4, 5]
2025-03-25 18:11:52,968 - INFO - Starting simulation: Algorithm=FIFO, Frames=3, Pages=[1, 2, 3, 4, 5]
2025-03-25 18:11:53,091 - INFO - Starting simulation: Algorithm=FIFO, Frames=3, Pages=[1, 2, 3, 4, 5]
2025-03-25 18:11:53,219 - INFO - Starting simulation: Algorithm=FIFO, Frames=3, Pages=[1, 2, 3, 4, 5]
2025-03-25 18:11:53,335 - INFO - Starting simulation: Algorithm=FIFO, Frames=3, Pages=[1, 2, 3, 4, 5]
2025-03-25 18:11:53,458 - INFO - Starting simulation: Algorithm=FIFO, Frames=3, Pages=[1, 2, 3, 4, 5]
2025-03-25 18:11:53,597 - INFO - Starting simulation: Algorithm=FIFO, Frames=3, Pages=[1, 2, 3, 4, 5]
2025-03-25 18:11:53,715 - INFO - Starting simulation: Algorithm=FIFO, Frames=3, Pages=[1, 2, 3, 4, 5]
2025-03-25 18:11:53,851 - INFO - Starting simulation: Algorithm=FIFO, Frames=3, Pages=[1, 2, 3, 4, 5]
2025-03-25 18:11:53,977 - INFO - Starting simulation: Algorithm=FIFO, Frames=3, Pages=[1, 2, 3, 4, 5]
2025-03-25 18:11:54,103 - INFO - Starting simulation: Algorithm=FIFO, Frames=3, Pages=[1, 2, 3, 4, 5]
2025-03-25 18:11:54,227 - INFO - Starting simulation: Algorithm=FIFO, Frames=3, Pages=[1, 2, 3, 4, 5]
2025-03-25 18:11:54,349 - INFO - Starting simulation: Algorithm=FIFO, Frames=3, Pages=[1, 2, 3, 4, 5]
2025-03-25 18:11:54,479 - INFO - Starting simulation: Algorithm=FIFO, Frames=3, Pages=[1, 2, 3, 4, 5]
2025-03-25 18:11:54,614 - INFO - Starting simulation: Algorithm=FIFO, Frames=3, Pages=[1, 2, 3, 4, 5]
2025-03-25 18:11:54,730 - INFO - Starting simulation: Algorithm=FIFO, Frames=3, Pages=[1, 2, 3, 4, 5]
2025-03-25 18:11:54,852 - INFO - Starting simulation: Algorithm=FIFO, Frames=3, Pages=[1, 2, 3, 4, 5]
2025-03-25 18:11:54,975 - INFO - Starting simulation: Algorithm=FIFO, Frames=3, Pages=[1, 2, 3, 4, 5]
2025-03-25 18:11:55,104 - INFO - Starting simulation: Algorithm=FIFO, Frames=3, Pages=[1, 2, 3, 4, 5]
2025-03-25 18:13:13,295 - INFO - Starting simulation: Algorithm=FIFO, Frames=3, Pages=[1, 2, 3, 4, 5]
2025-03-25 18:13:21,250 - INFO - Starting simulation: Algorithm=FIFO, Frames=3, Pages=[1, 2, 3, 4, 5]
2025-03-25 18:13:21,711 - INFO - Starting simulation: Algorithm=FIFO, Frames=3, Pages=[1, 2, 3, 4, 5]
2025-03-25 18:13:21,860 - INFO - Starting simulation: Algorithm=FIFO, Frames=3, Pages=[1, 2, 3, 4, 5]
2025-03-25 18:13:22,009 - INFO - Starting simulation: Algorithm=FIFO, Frames=3, Pages=[1, 2, 3, 4, 5]
2025-03-25 18:13:22,158 - INFO - Starting simulation: Algorithm=FIFO, Frames=3, Pages=[1, 2, 3, 4, 5]
2025-03-25 18:13:22,307 - INFO - Starting simulation: Algorithm=FIFO, Frames=3, Pages=[1, 2, 3, 4, 5]
2025-03-25 18:13:22,435 - INFO - Starting simulation: Algorithm=FIFO, Frames=3, Pages=[1, 2, 3, 4, 5]
2025-03-25 18:13:22,564 - INFO - Starting simulation: Algorithm=FIFO, Frames=3, Pages=[1, 2, 3, 4, 5]
2025-03-25 18:13:22,708 - INFO - Starting simulation: Algorithm=FIFO, Frames=3, Pages=[1, 2, 3, 4, 5]
2025-03-25 18:13:22,869 - INFO - Starting simulation: Algorithm=FIFO, Frames=3, Pages=[1, 2, 3, 4, 5]
2025-03-25 18:13:23,025 - INFO - Starting simulation: Algorithm=FIFO, Frames=3, Pages=[1, 2, 3, 4, 5]
2025-03-25 18:13:23,200 - INFO - Starting simulation: Algorithm=FIFO, Frames=3, Pages=[1, 2, 3, 4, 5]
2025-03-25 18:13:23,346 - INFO - Starting simulation: Algorithm=FIFO, Frames=3, Pages=[1, 2, 3, 4, 5]
2025-03-25 18:13:23,572 - INFO - Starting simulation: Algorithm=FIFO, Frames=3, Pages=[1, 2, 3, 4, 5]
2025-03-25 18:13:42,023 - INFO - Starting simulation: Algorithm=Optimal, Frames=3, Pages=[1, 2, 3, 4, 5]
2025-03-25 18:13:46,667 - INFO - Starting simulation: Algorithm=Clock, Frames=3, Pages=[1, 2, 3, 4, 5]
2025-03-25 18:13:50,934 - INFO - Starting simulation: Algorithm=LRU, Frames=3, Pages=[1, 2, 3, 4, 5]
2025-03-25 18:13:54,774 - INFO - Starting simulation: Algorithm=FIFO, Frames=3, Pages=[1, 2, 3, 4, 5]
2025-03-25 18:15:28,041 - INFO - Starting simulation: Algorithm=FIFO, Frames=3, Pages=[1, 2, 3, 4, 5]
2025-03-25 18:15:28,063 - INFO - Simulation completed: FIFO, Faults=5, Hits=0
2025-03-25 18:15:40,810 - INFO - Comparing algorithms for Pages=[1, 2, 3, 4, 5], Frames=3
2025-03-25 18:15:40,834 - INFO - FIFO Algorithm: Faults=5, Hits=0
2025-03-25 18:15:40,866 - INFO - LRU Algorithm: Faults=5, Hits=0
2025-03-25 18:15:40,896 - INFO - Optimal Algorithm: Faults=5, Hits=0
2025-03-25 18:15:40,931 - INFO - Clock Algorithm: Faults=5, Hits=0
2025-03-25 18:15:40,964 - INFO - LFU Algorithm: Faults=5, Hits=0
2025-03-25 18:15:44,666 - INFO - Starting simulation: Algorithm=FIFO, Frames=3, Pages=[1, 2, 3, 4, 5]
2025-03-25 18:15:44,726 - INFO - Simulation completed: FIFO, Faults=5, Hits=0
2025-03-25 18:19:06,007 - INFO - Starting simulation: Algorithm=FIFO, Frames=3, Pages=[1, 2, 3, 4, 5]
2025-03-25 18:19:08,512 - INFO - Starting simulation: Algorithm=FIFO, Frames=3, Pages=[1, 2, 3, 4, 5]
2025-03-25 18:19:08,714 - INFO - Starting simulation: Algorithm=FIFO, Frames=3, Pages=[1, 2, 3, 4, 5]
2025-03-25 18:19:08,861 - INFO - Starting simulation: Algorithm=FIFO, Frames=3, Pages=[1, 2, 3, 4, 5]
2025-03-25 18:19:09,057 - INFO - Starting simulation: Algorithm=FIFO, Frames=3, Pages=[1, 2, 3, 4, 5]
2025-03-25 18:19:09,197 - INFO - Starting simulation: Algorithm=FIFO, Frames=3, Pages=[1, 2, 3, 4, 5]
2025-03-25 18:19:09,319 - INFO - Starting simulation: Algorithm=FIFO, Frames=3, Pages=[1, 2, 3, 4, 5]
2025-03-25 18:19:09,450 - INFO - Starting simulation: Algorithm=FIFO, Frames=3, Pages=[1, 2, 3, 4, 5]
2025-03-25 18:19:09,577 - INFO - Starting simulation: Algorithm=FIFO, Frames=3, Pages=[1, 2, 3, 4, 5]
2025-03-25 18:19:09,702 - INFO - Starting simulation: Algorithm=FIFO, Frames=3, Pages=[1, 2, 3, 4, 5]
2025-03-25 18:19:17,072 - INFO - Starting simulation: Algorithm=Clock, Frames=3, Pages=[1, 2, 3, 4, 5]
2025-03-25 18:19:17,605 - INFO - Starting simulation: Algorithm=Clock, Frames=3, Pages=[1, 2, 3, 4, 5]
2025-03-25 18:19:17,738 - INFO - Starting simulation: Algorithm=Clock, Frames=3, Pages=[1, 2, 3, 4, 5]
2025-03-25 18:19:17,853 - INFO - Starting simulation: Algorithm=Clock, Frames=3, Pages=[1, 2, 3, 4, 5]
2025-03-25 18:19:17,984 - INFO - Starting simulation: Algorithm=Clock, Frames=3, Pages=[1, 2, 3, 4, 5]
2025-03-25 18:19:18,105 - INFO - Starting simulation: Algorithm=Clock, Frames=3, Pages=[1, 2, 3, 4, 5]
2025-03-25 18:19:18,268 - INFO - Starting simulation: Algorithm=Clock, Frames=3, Pages=[1, 2, 3, 4, 5]
2025-03-25 18:20:29,659 - INFO - Starting simulation: Algorithm=FIFO, Frames=3, Pages=[1, 2, 3, 4, 5]
2025-03-25 18:21:39,562 - INFO - Starting simulation: Algorithm=FIFO, Frames=3, Pages=[1, 2, 3, 4, 5]
2025-03-25 18:22:47,269 - INFO - Starting simulation: Algorithm=FIFO, Frames=3, Pages=[1, 2, 3, 4, 5]
2025-03-25 18:22:50,172 - INFO - Starting simulation: Algorithm=LRU, Frames=3, Pages=[1, 2, 3, 4, 5]
2025-03-25 18:23:18,047 - INFO - Starting simulation: Algorithm=FIFO, Frames=3, Pages=[1, 2, 3, 4, 5]
2025-03-25 18:23:36,775 - INFO - Starting simulation: Algorithm=FIFO, Frames=3, Pages=[1, 2, 3, 4, 5]
2025-03-25 18:23:41,933 - INFO - Starting simulation: Algorithm=LRU, Frames=3, Pages=[1, 2, 3, 4, 5]
2025-03-25 18:24:03,130 - INFO - Starting simulation: Algorithm=FIFO, Frames=3, Pages=[1, 2, 3, 4, 5]
2025-03-25 18:24:03,148 - INFO - Simulation completed: FIFO, Faults=5, Hits=0
2025-03-25 18:24:18,979 - INFO - Starting simulation: Algorithm=Optimal, Frames=3, Pages=[1, 2, 3, 4, 5]
2025-03-25 18:24:19,011 - INFO - Simulation completed: Optimal, Faults=5, Hits=0
2025-03-25 18:29:48,564 - INFO - Starting simulation: Algorithm=FIFO, Frames=5, Pages=[1, 2, 3, 4, 5]
2025-03-25 18:29:48,584 - INFO - Simulation completed: FIFO, Faults=5, Hits=0
2025-03-25 18:30:06,404 - INFO - Starting simulation: Algorithm=FIFO, Frames=5, Pages=[1, 2, 3, 4, 5]
2025-03-25 18:30:06,433 - INFO - Simulation completed: FIFO, Faults=5, Hits=0
2025-03-25 18:31:01,090 - INFO - Comparing algorithms for Pages=[1, 2, 3, 4, 5], Frames=5
2025-03-25 18:31:01,122 - INFO - FIFO Algorithm: Faults=5, Hits=0
2025-03-25 18:31:01,160 - INFO - LRU Algorithm: Faults=5, Hits=0
2025-03-25 18:31:01,205 - INFO - Optimal Algorithm: Faults=5, Hits=0
2025-03-25 18:31:01,256 - INFO - Clock Algorithm: Faults=5, Hits=0
2025-03-25 18:31:01,310 - INFO - LFU Algorithm: Faults=5, Hits=0
